\BOOKMARK [1][-]{section.1}{Introduction}{}% 1
\BOOKMARK [1][-]{section.2}{Related Work}{}% 2
\BOOKMARK [1][-]{section.3}{Interactions between WLANs when Spatial Reuse is Enabled}{}% 3
\BOOKMARK [2][-]{subsection.3.1}{CSMA/CA}{section.3}% 4
\BOOKMARK [2][-]{subsection.3.2}{CSMA/CA Throughput Model}{section.3}% 5
\BOOKMARK [2][-]{subsection.3.3}{Analysis}{section.3}% 6
\BOOKMARK [1][-]{section.4}{Multi-Armed Bandits for Decentralized Spatial Reuse}{}% 7
\BOOKMARK [2][-]{subsection.4.1}{Thompson Sampling}{section.4}% 8
\BOOKMARK [3][-]{subsubsection.4.1.1}{Selfish Reward}{subsection.4.1}% 9
\BOOKMARK [3][-]{subsubsection.4.1.2}{Environment-Aware Reward}{subsection.4.1}% 10
\BOOKMARK [2][-]{subsection.4.2}{Considerations of Decentralized Learning in WLANs}{section.4}% 11
\BOOKMARK [3][-]{subsubsection.4.2.1}{Reward Definition}{subsection.4.2}% 12
\BOOKMARK [3][-]{subsubsection.4.2.2}{Neighbors Identification when Applying an Environment-Aware Reward}{subsection.4.2}% 13
\BOOKMARK [1][-]{section.5}{Performance Evaluation}{}% 14
\BOOKMARK [2][-]{subsection.5.1}{Selfish vs Environment-Aware Learning}{section.5}% 15
\BOOKMARK [3][-]{subsubsection.5.1.1}{Learning in Presence of Asymmetries}{subsection.5.1}% 16
\BOOKMARK [3][-]{subsubsection.5.1.2}{Learning on Equal Terms}{subsection.5.1}% 17
\BOOKMARK [3][-]{subsubsection.5.1.3}{Competition Effects}{subsection.5.1}% 18
\BOOKMARK [2][-]{subsection.5.2}{Random Scenarios}{section.5}% 19
\BOOKMARK [1][-]{section.6}{Conclusions}{}% 20
\BOOKMARK [1][-]{appendix.A}{Wireless Environment}{}% 21
