This is pdfTeX, Version 3.14159265-2.6-1.40.19 (TeX Live 2018) (preloaded format=pdflatex 2018.4.16)  5 OCT 2018 07:59
entering extended mode
 restricted \write18 enabled.
 %&-line parsing enabled.
**potential_pitfalls_mabs_spatial_reuse.tex
(./potential_pitfalls_mabs_spatial_reuse.tex
LaTeX2e <2018-04-01> patch level 2
Babel <3.18> and hyphenation patterns for 84 language(s) loaded.
(/usr/local/texlive/2018/texmf-dist/tex/latex/elsarticle/elsarticle.cls
Document Class: elsarticle 2009/09/17, 1.2.0: Elsevier Ltd
\@bls=\dimen102
(/usr/local/texlive/2018/texmf-dist/tex/latex/base/article.cls
Document Class: article 2014/09/29 v1.4h Standard LaTeX document class
(/usr/local/texlive/2018/texmf-dist/tex/latex/base/size12.clo
File: size12.clo 2014/09/29 v1.4h Standard LaTeX file (size option)
)
\c@part=\count80
\c@section=\count81
\c@subsection=\count82
\c@subsubsection=\count83
\c@paragraph=\count84
\c@subparagraph=\count85
\c@figure=\count86
\c@table=\count87
\abovecaptionskip=\skip41
\belowcaptionskip=\skip42
\bibindent=\dimen103
)
(/usr/local/texlive/2018/texmf-dist/tex/latex/graphics/graphicx.sty
Package: graphicx 2017/06/01 v1.1a Enhanced LaTeX Graphics (DPC,SPQR)

(/usr/local/texlive/2018/texmf-dist/tex/latex/graphics/keyval.sty
Package: keyval 2014/10/28 v1.15 key=value parser (DPC)
\KV@toks@=\toks14
)
(/usr/local/texlive/2018/texmf-dist/tex/latex/graphics/graphics.sty
Package: graphics 2017/06/25 v1.2c Standard LaTeX Graphics (DPC,SPQR)

(/usr/local/texlive/2018/texmf-dist/tex/latex/graphics/trig.sty
Package: trig 2016/01/03 v1.10 sin cos tan (DPC)
)
(/usr/local/texlive/2018/texmf-dist/tex/latex/graphics-cfg/graphics.cfg
File: graphics.cfg 2016/06/04 v1.11 sample graphics configuration
)
Package graphics Info: Driver file: pdftex.def on input line 99.

(/usr/local/texlive/2018/texmf-dist/tex/latex/graphics-def/pdftex.def
File: pdftex.def 2018/01/08 v1.0l Graphics/color driver for pdftex
))
\Gin@req@height=\dimen104
\Gin@req@width=\dimen105
)
(/usr/local/texlive/2018/texmf-dist/tex/latex/psnfss/pifont.sty
Package: pifont 2005/04/12 PSNFSS-v9.2a Pi font support (SPQR) 
LaTeX Font Info:    Try loading font information for U+pzd on input line 63.

(/usr/local/texlive/2018/texmf-dist/tex/latex/psnfss/upzd.fd
File: upzd.fd 2001/06/04 font definitions for U/pzd.
)
LaTeX Font Info:    Try loading font information for U+psy on input line 64.

(/usr/local/texlive/2018/texmf-dist/tex/latex/psnfss/upsy.fd
File: upsy.fd 2001/06/04 font definitions for U/psy.
))
\c@tnote=\count88
\c@fnote=\count89
\c@cnote=\count90
\c@ead=\count91
\c@author=\count92
\@eadauthor=\toks15
\c@affn=\count93
\absbox=\box26
\keybox=\box27
\Columnwidth=\dimen106
\space@left=\dimen107
\els@boxa=\box28
\els@boxb=\box29
\leftMargin=\dimen108
\@enLab=\toks16
\@sep=\skip43
\@@sep=\skip44

(./potential_pitfalls_mabs_spatial_reuse.spl)
(/usr/local/texlive/2018/texmf-dist/tex/latex/natbib/natbib.sty
Package: natbib 2010/09/13 8.31b (PWD, AO)
\bibhang=\skip45
\bibsep=\skip46
LaTeX Info: Redefining \cite on input line 694.
\c@NAT@ctr=\count94
)
\splwrite=\write3
\openout3 = `potential_pitfalls_mabs_spatial_reuse.spl'.

)
(/usr/local/texlive/2018/texmf-dist/tex/latex/amsfonts/amssymb.sty
Package: amssymb 2013/01/14 v3.01 AMS font symbols

(/usr/local/texlive/2018/texmf-dist/tex/latex/amsfonts/amsfonts.sty
Package: amsfonts 2013/01/14 v3.01 Basic AMSFonts support
\@emptytoks=\toks17
\symAMSa=\mathgroup4
\symAMSb=\mathgroup5
LaTeX Font Info:    Overwriting math alphabet `\mathfrak' in version `bold'
(Font)                  U/euf/m/n --> U/euf/b/n on input line 106.
))
(/usr/local/texlive/2018/texmf-dist/tex/latex/graphics/color.sty
Package: color 2016/07/10 v1.1e Standard LaTeX Color (DPC)

(/usr/local/texlive/2018/texmf-dist/tex/latex/graphics-cfg/color.cfg
File: color.cfg 2016/01/02 v1.6 sample color configuration
)
Package color Info: Driver file: pdftex.def on input line 147.
)
(/usr/local/texlive/2018/texmf-dist/tex/latex/amsmath/amsmath.sty
Package: amsmath 2017/09/02 v2.17a AMS math features
\@mathmargin=\skip47

For additional information on amsmath, use the `?' option.
(/usr/local/texlive/2018/texmf-dist/tex/latex/amsmath/amstext.sty
Package: amstext 2000/06/29 v2.01 AMS text

(/usr/local/texlive/2018/texmf-dist/tex/latex/amsmath/amsgen.sty
File: amsgen.sty 1999/11/30 v2.0 generic functions
\@emptytoks=\toks18
\ex@=\dimen109
))
(/usr/local/texlive/2018/texmf-dist/tex/latex/amsmath/amsbsy.sty
Package: amsbsy 1999/11/29 v1.2d Bold Symbols
\pmbraise@=\dimen110
)
(/usr/local/texlive/2018/texmf-dist/tex/latex/amsmath/amsopn.sty
Package: amsopn 2016/03/08 v2.02 operator names
)
\inf@bad=\count95
LaTeX Info: Redefining \frac on input line 213.
\uproot@=\count96
\leftroot@=\count97
LaTeX Info: Redefining \overline on input line 375.
\classnum@=\count98
\DOTSCASE@=\count99
LaTeX Info: Redefining \ldots on input line 472.
LaTeX Info: Redefining \dots on input line 475.
LaTeX Info: Redefining \cdots on input line 596.
\Mathstrutbox@=\box30
\strutbox@=\box31
\big@size=\dimen111
LaTeX Font Info:    Redeclaring font encoding OML on input line 712.
LaTeX Font Info:    Redeclaring font encoding OMS on input line 713.
\macc@depth=\count100
\c@MaxMatrixCols=\count101
\dotsspace@=\muskip10
\c@parentequation=\count102
\dspbrk@lvl=\count103
\tag@help=\toks19
\row@=\count104
\column@=\count105
\maxfields@=\count106
\andhelp@=\toks20
\eqnshift@=\dimen112
\alignsep@=\dimen113
\tagshift@=\dimen114
\tagwidth@=\dimen115
\totwidth@=\dimen116
\lineht@=\dimen117
\@envbody=\toks21
\multlinegap=\skip48
\multlinetaggap=\skip49
\mathdisplay@stack=\toks22
LaTeX Info: Redefining \[ on input line 2817.
LaTeX Info: Redefining \] on input line 2818.
)
(/usr/local/texlive/2018/texmf-dist/tex/latex/mathtools/mathtools.sty
Package: mathtools 2018/01/08 v1.21 mathematical typesetting tools

(/usr/local/texlive/2018/texmf-dist/tex/latex/tools/calc.sty
Package: calc 2017/05/25 v4.3 Infix arithmetic (KKT,FJ)
\calc@Acount=\count107
\calc@Bcount=\count108
\calc@Adimen=\dimen118
\calc@Bdimen=\dimen119
\calc@Askip=\skip50
\calc@Bskip=\skip51
LaTeX Info: Redefining \setlength on input line 80.
LaTeX Info: Redefining \addtolength on input line 81.
\calc@Ccount=\count109
\calc@Cskip=\skip52
)
(/usr/local/texlive/2018/texmf-dist/tex/latex/mathtools/mhsetup.sty
Package: mhsetup 2017/03/31 v1.3 programming setup (MH)
)
LaTeX Info: Thecontrolsequence`\('isalreadyrobust on input line 129.
LaTeX Info: Thecontrolsequence`\)'isalreadyrobust on input line 129.
LaTeX Info: Thecontrolsequence`\['isalreadyrobust on input line 129.
LaTeX Info: Thecontrolsequence`\]'isalreadyrobust on input line 129.
\g_MT_multlinerow_int=\count110
\l_MT_multwidth_dim=\dimen120
\origjot=\skip53
\l_MT_shortvdotswithinadjustabove_dim=\dimen121
\l_MT_shortvdotswithinadjustbelow_dim=\dimen122
\l_MT_above_intertext_sep=\dimen123
\l_MT_below_intertext_sep=\dimen124
\l_MT_above_shortintertext_sep=\dimen125
\l_MT_below_shortintertext_sep=\dimen126
)
(/usr/local/texlive/2018/texmf-dist/tex/latex/preprint/fullpage.sty
Package: fullpage 1999/02/23 1.1 (PWD)
\FP@margin=\skip54
)
(/usr/local/texlive/2018/texmf-dist/tex/latex/algorithms/algorithmic.sty
Package: algorithmic 2009/08/24 v0.1 Document Style `algorithmic'

(/usr/local/texlive/2018/texmf-dist/tex/latex/base/ifthen.sty
Package: ifthen 2014/09/29 v1.1c Standard LaTeX ifthen package (DPC)
)
\c@ALC@unique=\count111
\c@ALC@line=\count112
\c@ALC@rem=\count113
\c@ALC@depth=\count114
\ALC@tlm=\skip55
\algorithmicindent=\skip56
)
(/usr/local/texlive/2018/texmf-dist/tex/latex/xcolor/xcolor.sty
Package: xcolor 2016/05/11 v2.12 LaTeX color extensions (UK)

(/usr/local/texlive/2018/texmf-dist/tex/latex/graphics-cfg/color.cfg
File: color.cfg 2016/01/02 v1.6 sample color configuration
)
Package xcolor Info: Driver file: pdftex.def on input line 225.

(/usr/local/texlive/2018/texmf-dist/tex/latex/colortbl/colortbl.sty
Package: colortbl 2012/02/13 v1.0a Color table columns (DPC)

(/usr/local/texlive/2018/texmf-dist/tex/latex/tools/array.sty
Package: array 2018/04/07 v2.4g Tabular extension package (FMi)
\col@sep=\dimen127
\ar@mcellbox=\box32
\extrarowheight=\dimen128
\NC@list=\toks23
\extratabsurround=\skip57
\backup@length=\skip58
\ar@cellbox=\box33
)
\everycr=\toks24
\minrowclearance=\skip59
)
LaTeX Info: Redefining \color on input line 709.
\rownum=\count115
Package xcolor Info: Model `cmy' substituted by `cmy0' on input line 1348.
Package xcolor Info: Model `hsb' substituted by `rgb' on input line 1352.
Package xcolor Info: Model `RGB' extended on input line 1364.
Package xcolor Info: Model `HTML' substituted by `rgb' on input line 1366.
Package xcolor Info: Model `Hsb' substituted by `hsb' on input line 1367.
Package xcolor Info: Model `tHsb' substituted by `hsb' on input line 1368.
Package xcolor Info: Model `HSB' substituted by `hsb' on input line 1369.
Package xcolor Info: Model `Gray' substituted by `gray' on input line 1370.
Package xcolor Info: Model `wave' substituted by `hsb' on input line 1371.
)
(/usr/local/texlive/2018/texmf-dist/tex/latex/multirow/multirow.sty
Package: multirow 2016/11/25 v2.2 Span multiple rows of a table
\multirow@colwidth=\skip60
\multirow@cntb=\count116
\multirow@dima=\skip61
\bigstrutjot=\dimen129
)
(/usr/local/texlive/2018/texmf-dist/tex/generic/genmisc/nth.sty
Package: nth 2002/02/27
)
(/usr/local/texlive/2018/texmf-dist/tex/latex/adjustbox/adjustbox.sty
Package: adjustbox 2018/04/08 v1.1 Adjusting TeX boxes (trim, clip, ...)

(/usr/local/texlive/2018/texmf-dist/tex/latex/xkeyval/xkeyval.sty
Package: xkeyval 2014/12/03 v2.7a package option processing (HA)

(/usr/local/texlive/2018/texmf-dist/tex/generic/xkeyval/xkeyval.tex
(/usr/local/texlive/2018/texmf-dist/tex/generic/xkeyval/xkvutils.tex
\XKV@toks=\toks25
\XKV@tempa@toks=\toks26
)
\XKV@depth=\count117
File: xkeyval.tex 2014/12/03 v2.7a key=value parser (HA)
))
(/usr/local/texlive/2018/texmf-dist/tex/latex/adjustbox/adjcalc.sty
Package: adjcalc 2012/05/16 v1.1 Provides advanced setlength with multiple back
-ends (calc, etex, pgfmath)
)
(/usr/local/texlive/2018/texmf-dist/tex/latex/adjustbox/trimclip.sty
Package: trimclip 2018/04/08 v1.1 Trim and clip general TeX material

(/usr/local/texlive/2018/texmf-dist/tex/latex/collectbox/collectbox.sty
Package: collectbox 2012/05/17 v0.4b Collect macro arguments as boxes
\collectedbox=\box34
)
\tc@llx=\dimen130
\tc@lly=\dimen131
\tc@urx=\dimen132
\tc@ury=\dimen133
Package trimclip Info: Using driver 'tc-pdftex.def'.

(/usr/local/texlive/2018/texmf-dist/tex/latex/adjustbox/tc-pdftex.def
File: tc-pdftex.def 2018/04/08 v2.1 Clipping driver for pdftex
))
\adjbox@Width=\dimen134
\adjbox@Height=\dimen135
\adjbox@Depth=\dimen136
\adjbox@Totalheight=\dimen137
\adjbox@pwidth=\dimen138
\adjbox@pheight=\dimen139
\adjbox@pdepth=\dimen140
\adjbox@ptotalheight=\dimen141

(/usr/local/texlive/2018/texmf-dist/tex/latex/ifoddpage/ifoddpage.sty
Package: ifoddpage 2016/04/23 v1.1 Conditionals for odd/even page detection
\c@checkoddpage=\count118
)
(/usr/local/texlive/2018/texmf-dist/tex/latex/varwidth/varwidth.sty
Package: varwidth 2009/03/30 ver 0.92;  Variable-width minipages
\@vwid@box=\box35
\sift@deathcycles=\count119
\@vwid@loff=\dimen142
\@vwid@roff=\dimen143
))
(/usr/local/texlive/2018/texmf-dist/tex/latex/caption/caption.sty
Package: caption 2016/02/21 v3.3-144 Customizing captions (AR)

(/usr/local/texlive/2018/texmf-dist/tex/latex/caption/caption3.sty
Package: caption3 2016/05/22 v1.7-166 caption3 kernel (AR)
Package caption3 Info: TeX engine: e-TeX on input line 67.
\captionmargin=\dimen144
\captionmargin@=\dimen145
\captionwidth=\dimen146
\caption@tempdima=\dimen147
\caption@indent=\dimen148
\caption@parindent=\dimen149
\caption@hangindent=\dimen150
)
\c@ContinuedFloat=\count120
)
(/usr/local/texlive/2018/texmf-dist/tex/latex/caption/subcaption.sty
Package: subcaption 2016/05/22 v1.1-161 Sub-captions (AR)
\c@subfigure=\count121
\c@subtable=\count122
)
(/usr/local/texlive/2018/texmf-dist/tex/latex/comment/comment.sty
\CommentStream=\write4

Excluding comment 'comment')
(/usr/local/texlive/2018/texmf-dist/tex/latex/setspace/setspace.sty
Package: setspace 2011/12/19 v6.7a set line spacing
)
(/usr/local/texlive/2018/texmf-dist/tex/latex/base/textcomp.sty
Package: textcomp 2017/04/05 v2.0i Standard LaTeX package
Package textcomp Info: Sub-encoding information:
(textcomp)               5 = only ISO-Adobe without \textcurrency
(textcomp)               4 = 5 + \texteuro
(textcomp)               3 = 4 + \textohm
(textcomp)               2 = 3 + \textestimated + \textcurrency
(textcomp)               1 = TS1 - \textcircled - \t
(textcomp)               0 = TS1 (full)
(textcomp)             Font families with sub-encoding setting implement
(textcomp)             only a restricted character set as indicated.
(textcomp)             Family '?' is the default used for unknown fonts.
(textcomp)             See the documentation for details.
Package textcomp Info: Setting ? sub-encoding to TS1/1 on input line 79.

(/usr/local/texlive/2018/texmf-dist/tex/latex/base/ts1enc.def
File: ts1enc.def 2001/06/05 v3.0e (jk/car/fm) Standard LaTeX file
Now handling font encoding TS1 ...
... processing UTF-8 mapping file for font encoding TS1

(/usr/local/texlive/2018/texmf-dist/tex/latex/base/ts1enc.dfu
File: ts1enc.dfu 2018/04/05 v1.2c UTF-8 support for inputenc
   defining Unicode char U+00A2 (decimal 162)
   defining Unicode char U+00A3 (decimal 163)
   defining Unicode char U+00A4 (decimal 164)
   defining Unicode char U+00A5 (decimal 165)
   defining Unicode char U+00A6 (decimal 166)
   defining Unicode char U+00A7 (decimal 167)
   defining Unicode char U+00A8 (decimal 168)
   defining Unicode char U+00A9 (decimal 169)
   defining Unicode char U+00AA (decimal 170)
   defining Unicode char U+00AC (decimal 172)
   defining Unicode char U+00AE (decimal 174)
   defining Unicode char U+00AF (decimal 175)
   defining Unicode char U+00B0 (decimal 176)
   defining Unicode char U+00B1 (decimal 177)
   defining Unicode char U+00B2 (decimal 178)
   defining Unicode char U+00B3 (decimal 179)
   defining Unicode char U+00B4 (decimal 180)
   defining Unicode char U+00B5 (decimal 181)
   defining Unicode char U+00B6 (decimal 182)
   defining Unicode char U+00B7 (decimal 183)
   defining Unicode char U+00B9 (decimal 185)
   defining Unicode char U+00BA (decimal 186)
   defining Unicode char U+00BC (decimal 188)
   defining Unicode char U+00BD (decimal 189)
   defining Unicode char U+00BE (decimal 190)
   defining Unicode char U+00D7 (decimal 215)
   defining Unicode char U+00F7 (decimal 247)
   defining Unicode char U+0192 (decimal 402)
   defining Unicode char U+02C7 (decimal 711)
   defining Unicode char U+02D8 (decimal 728)
   defining Unicode char U+02DD (decimal 733)
   defining Unicode char U+0E3F (decimal 3647)
   defining Unicode char U+2016 (decimal 8214)
   defining Unicode char U+2020 (decimal 8224)
   defining Unicode char U+2021 (decimal 8225)
   defining Unicode char U+2022 (decimal 8226)
   defining Unicode char U+2030 (decimal 8240)
   defining Unicode char U+2031 (decimal 8241)
   defining Unicode char U+203B (decimal 8251)
   defining Unicode char U+203D (decimal 8253)
   defining Unicode char U+2044 (decimal 8260)
   defining Unicode char U+204E (decimal 8270)
   defining Unicode char U+2052 (decimal 8274)
   defining Unicode char U+20A1 (decimal 8353)
   defining Unicode char U+20A4 (decimal 8356)
   defining Unicode char U+20A6 (decimal 8358)
   defining Unicode char U+20A9 (decimal 8361)
   defining Unicode char U+20AB (decimal 8363)
   defining Unicode char U+20AC (decimal 8364)
   defining Unicode char U+20B1 (decimal 8369)
   defining Unicode char U+2103 (decimal 8451)
   defining Unicode char U+2116 (decimal 8470)
   defining Unicode char U+2117 (decimal 8471)
   defining Unicode char U+211E (decimal 8478)
   defining Unicode char U+2120 (decimal 8480)
   defining Unicode char U+2122 (decimal 8482)
   defining Unicode char U+2126 (decimal 8486)
   defining Unicode char U+2127 (decimal 8487)
   defining Unicode char U+212E (decimal 8494)
   defining Unicode char U+2190 (decimal 8592)
   defining Unicode char U+2191 (decimal 8593)
   defining Unicode char U+2192 (decimal 8594)
   defining Unicode char U+2193 (decimal 8595)
   defining Unicode char U+2329 (decimal 9001)
   defining Unicode char U+232A (decimal 9002)
   defining Unicode char U+2422 (decimal 9250)
   defining Unicode char U+25E6 (decimal 9702)
   defining Unicode char U+25EF (decimal 9711)
   defining Unicode char U+266A (decimal 9834)
   defining Unicode char U+FEFF (decimal 65279)
))
LaTeX Info: Redefining \oldstylenums on input line 334.
Package textcomp Info: Setting cmr sub-encoding to TS1/0 on input line 349.
Package textcomp Info: Setting cmss sub-encoding to TS1/0 on input line 350.
Package textcomp Info: Setting cmtt sub-encoding to TS1/0 on input line 351.
Package textcomp Info: Setting cmvtt sub-encoding to TS1/0 on input line 352.
Package textcomp Info: Setting cmbr sub-encoding to TS1/0 on input line 353.
Package textcomp Info: Setting cmtl sub-encoding to TS1/0 on input line 354.
Package textcomp Info: Setting ccr sub-encoding to TS1/0 on input line 355.
Package textcomp Info: Setting ptm sub-encoding to TS1/4 on input line 356.
Package textcomp Info: Setting pcr sub-encoding to TS1/4 on input line 357.
Package textcomp Info: Setting phv sub-encoding to TS1/4 on input line 358.
Package textcomp Info: Setting ppl sub-encoding to TS1/3 on input line 359.
Package textcomp Info: Setting pag sub-encoding to TS1/4 on input line 360.
Package textcomp Info: Setting pbk sub-encoding to TS1/4 on input line 361.
Package textcomp Info: Setting pnc sub-encoding to TS1/4 on input line 362.
Package textcomp Info: Setting pzc sub-encoding to TS1/4 on input line 363.
Package textcomp Info: Setting bch sub-encoding to TS1/4 on input line 364.
Package textcomp Info: Setting put sub-encoding to TS1/5 on input line 365.
Package textcomp Info: Setting uag sub-encoding to TS1/5 on input line 366.
Package textcomp Info: Setting ugq sub-encoding to TS1/5 on input line 367.
Package textcomp Info: Setting ul8 sub-encoding to TS1/4 on input line 368.
Package textcomp Info: Setting ul9 sub-encoding to TS1/4 on input line 369.
Package textcomp Info: Setting augie sub-encoding to TS1/5 on input line 370.
Package textcomp Info: Setting dayrom sub-encoding to TS1/3 on input line 371.
Package textcomp Info: Setting dayroms sub-encoding to TS1/3 on input line 372.

Package textcomp Info: Setting pxr sub-encoding to TS1/0 on input line 373.
Package textcomp Info: Setting pxss sub-encoding to TS1/0 on input line 374.
Package textcomp Info: Setting pxtt sub-encoding to TS1/0 on input line 375.
Package textcomp Info: Setting txr sub-encoding to TS1/0 on input line 376.
Package textcomp Info: Setting txss sub-encoding to TS1/0 on input line 377.
Package textcomp Info: Setting txtt sub-encoding to TS1/0 on input line 378.
Package textcomp Info: Setting lmr sub-encoding to TS1/0 on input line 379.
Package textcomp Info: Setting lmdh sub-encoding to TS1/0 on input line 380.
Package textcomp Info: Setting lmss sub-encoding to TS1/0 on input line 381.
Package textcomp Info: Setting lmssq sub-encoding to TS1/0 on input line 382.
Package textcomp Info: Setting lmvtt sub-encoding to TS1/0 on input line 383.
Package textcomp Info: Setting lmtt sub-encoding to TS1/0 on input line 384.
Package textcomp Info: Setting qhv sub-encoding to TS1/0 on input line 385.
Package textcomp Info: Setting qag sub-encoding to TS1/0 on input line 386.
Package textcomp Info: Setting qbk sub-encoding to TS1/0 on input line 387.
Package textcomp Info: Setting qcr sub-encoding to TS1/0 on input line 388.
Package textcomp Info: Setting qcs sub-encoding to TS1/0 on input line 389.
Package textcomp Info: Setting qpl sub-encoding to TS1/0 on input line 390.
Package textcomp Info: Setting qtm sub-encoding to TS1/0 on input line 391.
Package textcomp Info: Setting qzc sub-encoding to TS1/0 on input line 392.
Package textcomp Info: Setting qhvc sub-encoding to TS1/0 on input line 393.
Package textcomp Info: Setting futs sub-encoding to TS1/4 on input line 394.
Package textcomp Info: Setting futx sub-encoding to TS1/4 on input line 395.
Package textcomp Info: Setting futj sub-encoding to TS1/4 on input line 396.
Package textcomp Info: Setting hlh sub-encoding to TS1/3 on input line 397.
Package textcomp Info: Setting hls sub-encoding to TS1/3 on input line 398.
Package textcomp Info: Setting hlst sub-encoding to TS1/3 on input line 399.
Package textcomp Info: Setting hlct sub-encoding to TS1/5 on input line 400.
Package textcomp Info: Setting hlx sub-encoding to TS1/5 on input line 401.
Package textcomp Info: Setting hlce sub-encoding to TS1/5 on input line 402.
Package textcomp Info: Setting hlcn sub-encoding to TS1/5 on input line 403.
Package textcomp Info: Setting hlcw sub-encoding to TS1/5 on input line 404.
Package textcomp Info: Setting hlcf sub-encoding to TS1/5 on input line 405.
Package textcomp Info: Setting pplx sub-encoding to TS1/3 on input line 406.
Package textcomp Info: Setting pplj sub-encoding to TS1/3 on input line 407.
Package textcomp Info: Setting ptmx sub-encoding to TS1/4 on input line 408.
Package textcomp Info: Setting ptmj sub-encoding to TS1/4 on input line 409.
)
(/usr/local/texlive/2018/texmf-dist/tex/latex/tools/xspace.sty
Package: xspace 2014/10/28 v1.13 Space after command names (DPC,MH)
)
(/usr/local/texlive/2018/texmf-dist/tex/latex/siunitx/siunitx.sty
(/usr/local/texlive/2018/texmf-dist/tex/latex/l3kernel/expl3.sty
Package: expl3 2018/03/05 L3 programming layer (loader) 

(/usr/local/texlive/2018/texmf-dist/tex/latex/l3kernel/expl3-code.tex
Package: expl3 2018/03/05 L3 programming layer (code)
\c_max_int=\count123
\l_tmpa_int=\count124
\l_tmpb_int=\count125
\g_tmpa_int=\count126
\g_tmpb_int=\count127
\g__intarray_font_int=\count128
\g__prg_map_int=\count129
\c_log_iow=\count130
\l_iow_line_count_int=\count131
\l__iow_line_target_int=\count132
\l__iow_one_indent_int=\count133
\l__iow_indent_int=\count134
\c_zero_dim=\dimen151
\c_max_dim=\dimen152
\l_tmpa_dim=\dimen153
\l_tmpb_dim=\dimen154
\g_tmpa_dim=\dimen155
\g_tmpb_dim=\dimen156
\c_zero_skip=\skip62
\c_max_skip=\skip63
\l_tmpa_skip=\skip64
\l_tmpb_skip=\skip65
\g_tmpa_skip=\skip66
\g_tmpb_skip=\skip67
\c_zero_muskip=\muskip11
\c_max_muskip=\muskip12
\l_tmpa_muskip=\muskip13
\l_tmpb_muskip=\muskip14
\g_tmpa_muskip=\muskip15
\g_tmpb_muskip=\muskip16
\l_keys_choice_int=\count135
\c__fp_leading_shift_int=\count136
\c__fp_middle_shift_int=\count137
\c__fp_trailing_shift_int=\count138
\c__fp_big_leading_shift_int=\count139
\c__fp_big_middle_shift_int=\count140
\c__fp_big_trailing_shift_int=\count141
\c__fp_Bigg_leading_shift_int=\count142
\c__fp_Bigg_middle_shift_int=\count143
\c__fp_Bigg_trailing_shift_int=\count144
\c__fp_rand_size_int=\count145
\c__fp_rand_four_int=\count146
\c__fp_rand_eight_int=\count147
\l__sort_length_int=\count148
\l__sort_min_int=\count149
\l__sort_top_int=\count150
\l__sort_max_int=\count151
\l__sort_true_max_int=\count152
\l__sort_block_int=\count153
\l__sort_begin_int=\count154
\l__sort_end_int=\count155
\l__sort_A_int=\count156
\l__sort_B_int=\count157
\l__sort_C_int=\count158
\l__tl_build_start_index_int=\count159
\l__tl_build_index_int=\count160
\l__tl_analysis_normal_int=\count161
\l__tl_analysis_index_int=\count162
\l__tl_analysis_nesting_int=\count163
\l__tl_analysis_type_int=\count164
\l__regex_internal_a_int=\count165
\l__regex_internal_b_int=\count166
\l__regex_internal_c_int=\count167
\l__regex_balance_int=\count168
\l__regex_group_level_int=\count169
\l__regex_mode_int=\count170
\c__regex_cs_in_class_mode_int=\count171
\c__regex_cs_mode_int=\count172
\l__regex_catcodes_int=\count173
\l__regex_default_catcodes_int=\count174
\c__regex_catcode_D_int=\count175
\c__regex_catcode_S_int=\count176
\c__regex_catcode_L_int=\count177
\c__regex_catcode_O_int=\count178
\c__regex_catcode_A_int=\count179
\c__regex_all_catcodes_int=\count180
\l__regex_show_lines_int=\count181
\l__regex_min_state_int=\count182
\l__regex_max_state_int=\count183
\l__regex_left_state_int=\count184
\l__regex_right_state_int=\count185
\l__regex_capturing_group_int=\count186
\l__regex_min_pos_int=\count187
\l__regex_max_pos_int=\count188
\l__regex_curr_pos_int=\count189
\l__regex_start_pos_int=\count190
\l__regex_success_pos_int=\count191
\l__regex_curr_char_int=\count192
\l__regex_curr_catcode_int=\count193
\l__regex_last_char_int=\count194
\l__regex_case_changed_char_int=\count195
\l__regex_curr_state_int=\count196
\l__regex_step_int=\count197
\l__regex_min_active_int=\count198
\l__regex_max_active_int=\count199
\l__regex_replacement_csnames_int=\count266
\l__regex_match_count_int=\count267
\l__regex_min_submatch_int=\count268
\l__regex_submatch_int=\count269
\l__regex_zeroth_submatch_int=\count270
\g__regex_trace_regex_int=\count271
\c_empty_box=\box36
\l_tmpa_box=\box37
\l_tmpb_box=\box38
\g_tmpa_box=\box39
\g_tmpb_box=\box40
\l__box_top_dim=\dimen157
\l__box_bottom_dim=\dimen158
\l__box_left_dim=\dimen159
\l__box_right_dim=\dimen160
\l__box_top_new_dim=\dimen161
\l__box_bottom_new_dim=\dimen162
\l__box_left_new_dim=\dimen163
\l__box_right_new_dim=\dimen164
\l__box_internal_box=\box41
\l__coffin_internal_box=\box42
\l__coffin_internal_dim=\dimen165
\l__coffin_offset_x_dim=\dimen166
\l__coffin_offset_y_dim=\dimen167
\l__coffin_x_dim=\dimen168
\l__coffin_y_dim=\dimen169
\l__coffin_x_prime_dim=\dimen170
\l__coffin_y_prime_dim=\dimen171
\c_empty_coffin=\box43
\l__coffin_aligned_coffin=\box44
\l__coffin_aligned_internal_coffin=\box45
\l_tmpa_coffin=\box46
\l_tmpb_coffin=\box47
\l__coffin_display_coffin=\box48
\l__coffin_display_coord_coffin=\box49
\l__coffin_display_pole_coffin=\box50
\l__coffin_display_offset_dim=\dimen172
\l__coffin_display_x_dim=\dimen173
\l__coffin_display_y_dim=\dimen174
\l__coffin_bounding_shift_dim=\dimen175
\l__coffin_left_corner_dim=\dimen176
\l__coffin_right_corner_dim=\dimen177
\l__coffin_bottom_corner_dim=\dimen178
\l__coffin_top_corner_dim=\dimen179
\l__coffin_scaled_total_height_dim=\dimen180
\l__coffin_scaled_width_dim=\dimen181
)
(/usr/local/texlive/2018/texmf-dist/tex/latex/l3kernel/l3pdfmode.def
File: l3pdfmode.def 2017/03/18 v L3 Experimental driver: PDF mode
\l__driver_color_stack_int=\count272
))
(/usr/local/texlive/2018/texmf-dist/tex/latex/l3packages/xparse/xparse.sty
Package: xparse 2018/02/21 L3 Experimental document command parser
\l__xparse_current_arg_int=\count273
\g__xparse_grabber_int=\count274
\l__xparse_m_args_int=\count275
\l__xparse_mandatory_args_int=\count276
\l__xparse_v_nesting_int=\count277
)
Package: siunitx 2018-03-20 v2.7m A comprehensive (SI) units package

(/usr/local/texlive/2018/texmf-dist/tex/latex/l3packages/l3keys2e/l3keys2e.sty
Package: l3keys2e 2018/02/21 LaTeX2e option processing using LaTeX3 keys
)
\l__siunitx_tmp_box=\box51
\l__siunitx_tmp_dim=\dimen182
\l__siunitx_tmp_int=\count278
\l__siunitx_number_mantissa_length_int=\count279
\l__siunitx_number_uncert_length_int=\count280
\l__siunitx_round_int=\count281
\l__siunitx_process_decimal_int=\count282
\l__siunitx_process_uncertainty_int=\count283
\l__siunitx_process_fixed_int=\count284
\l__siunitx_process_integer_min_int=\count285
\l__siunitx_process_precision_int=\count286
\l__siunitx_group_min_int=\count287
\l__siunitx_angle_marker_box=\box52
\l__siunitx_angle_unit_box=\box53
\l__siunitx_angle_marker_dim=\dimen183
\l__siunitx_angle_unit_dim=\dimen184
\l__siunitx_unit_int=\count288
\l__siunitx_unit_denominator_int=\count289
\l__siunitx_unit_numerator_int=\count290
\l__siunitx_unit_prefix_int=\count291
\l__siunitx_unit_prefix_base_int=\count292
\l__siunitx_unit_prefix_gram_int=\count293
\l__siunitx_number_product_int=\count294
\c__siunitx_one_fill_skip=\skip68
\l__siunitx_table_unit_align_skip=\skip69
\l__siunitx_table_exponent_dim=\dimen185
\l__siunitx_table_integer_dim=\dimen186
\l__siunitx_table_mantissa_dim=\dimen187
\l__siunitx_table_marker_dim=\dimen188
\l__siunitx_table_result_dim=\dimen189
\l__siunitx_table_uncert_dim=\dimen190
\l__siunitx_table_fill_pre_dim=\dimen191
\l__siunitx_table_fill_post_dim=\dimen192
\l__siunitx_table_fill_mid_dim=\dimen193
\l__siunitx_table_pre_box=\box54
\l__siunitx_table_post_box=\box55
\l__siunitx_table_mantissa_box=\box56
\l__siunitx_table_result_box=\box57
\l__siunitx_table_number_align_skip=\skip70
\l__siunitx_table_text_align_skip=\skip71
.................................................
. LaTeX info: "xparse/define-command"
. 
. Defining command \DeclareBinaryPrefix with sig. 'mmm' on line 7244.
.................................................
.................................................
. LaTeX info: "xparse/define-command"
. 
. Defining command \DeclareSIPostPower with sig. 'mm' on line 7247.
.................................................
.................................................
. LaTeX info: "xparse/define-command"
. 
. Defining command \DeclareSIPrefix with sig. 'mmm' on line 7250.
.................................................
.................................................
. LaTeX info: "xparse/define-command"
. 
. Defining command \DeclareSIPrePower with sig. 'mm' on line 7253.
.................................................
.................................................
. LaTeX info: "xparse/define-command"
. 
. Defining command \DeclareSIQualifier with sig. 'mm' on line 7256.
.................................................
.................................................
. LaTeX info: "xparse/define-command"
. 
. Defining command \DeclareSIUnit with sig. 'O{}mm' on line 7259.
.................................................
.................................................
. LaTeX info: "xparse/define-command"
. 
. Defining command \DeclareSIUnitWithOptions with sig. 'mmm' on line 7262.
.................................................
.................................................
. LaTeX info: "xparse/define-command"
. 
. Defining command \ang with sig. 'o>{\SplitArgument {2}{;}}m' on line 7277.
.................................................
.................................................
. LaTeX info: "xparse/define-command"
. 
. Defining command \num with sig. 'om' on line 7286.
.................................................
.................................................
. LaTeX info: "xparse/define-command"
. 
. Defining command \numlist with sig. 'o>{\SplitList {;}}m' on line 7295.
.................................................
.................................................
. LaTeX info: "xparse/define-command"
. 
. Defining command \numrange with sig. 'omm' on line 7304.
.................................................
.................................................
. LaTeX info: "xparse/define-command"
. 
. Defining command \SIlist with sig. 'o>{\SplitList {;}}mm' on line 7316.
.................................................
.................................................
. LaTeX info: "xparse/define-command"
. 
. Defining command \SIrange with sig. 'ommm' on line 7328.
.................................................
.................................................
. LaTeX info: "xparse/define-command"
. 
. Defining command \SI with sig. 'omom' on line 7340.
.................................................
.................................................
. LaTeX info: "xparse/define-command"
. 
. Defining command \sisetup with sig. 'm' on line 7343.
.................................................
.................................................
. LaTeX info: "xparse/define-command"
. 
. Defining command \tablenum with sig. 'om' on line 7358.
.................................................
.................................................
. LaTeX info: "xparse/define-command"
. 
. Defining command \si with sig. 'om' on line 7370.
.................................................
.................................................
. LaTeX info: "xparse/define-command"
. 
. Defining command \numInBookmark with sig. 'om' on line 7417.
.................................................
.................................................
. LaTeX info: "xparse/define-command"
. 
. Defining command \numrangeInBookmark with sig. 'omm' on line 7419.
.................................................
.................................................
. LaTeX info: "xparse/define-command"
. 
. Defining command \SIInBookmark with sig. 'omom' on line 7421.
.................................................
.................................................
. LaTeX info: "xparse/define-command"
. 
. Defining command \SIlistInBookmark with sig. 'omm' on line 7423.
.................................................
.................................................
. LaTeX info: "xparse/define-command"
. 
. Defining command \SIrangeInBookmark with sig. 'ommm' on line 7425.
.................................................
.................................................
. LaTeX info: "xparse/define-command"
. 
. Defining command \siInBookmark with sig. 'om' on line 7426.
.................................................
\g__file_internal_ior=\read1
(/usr/local/texlive/2018/texmf-dist/tex/latex/translator/translator.sty
Package: translator 2018/01/04 v1.12 Easy translation of strings in LaTeX
))
(/usr/local/texlive/2018/texmf-dist/tex/latex/graphics/epsfig.sty
Package: epsfig 2017/06/25 v1.7b (e)psfig emulation (SPQR)
\epsfxsize=\dimen194
\epsfysize=\dimen195
)
(/usr/local/texlive/2018/texmf-dist/tex/latex/oberdiek/epstopdf.sty
Package: epstopdf 2016/05/15 v2.6 Conversion with epstopdf on the fly (HO)

(/usr/local/texlive/2018/texmf-dist/tex/latex/oberdiek/epstopdf-base.sty
Package: epstopdf-base 2016/05/15 v2.6 Base part for package epstopdf

(/usr/local/texlive/2018/texmf-dist/tex/generic/oberdiek/infwarerr.sty
Package: infwarerr 2016/05/16 v1.4 Providing info/warning/error messages (HO)
)
(/usr/local/texlive/2018/texmf-dist/tex/latex/oberdiek/grfext.sty
Package: grfext 2016/05/16 v1.2 Manage graphics extensions (HO)

(/usr/local/texlive/2018/texmf-dist/tex/generic/oberdiek/kvdefinekeys.sty
Package: kvdefinekeys 2016/05/16 v1.4 Define keys (HO)

(/usr/local/texlive/2018/texmf-dist/tex/generic/oberdiek/ltxcmds.sty
Package: ltxcmds 2016/05/16 v1.23 LaTeX kernel commands for general use (HO)
)))
(/usr/local/texlive/2018/texmf-dist/tex/latex/oberdiek/kvoptions.sty
Package: kvoptions 2016/05/16 v3.12 Key value format for package options (HO)

(/usr/local/texlive/2018/texmf-dist/tex/generic/oberdiek/kvsetkeys.sty
Package: kvsetkeys 2016/05/16 v1.17 Key value parser (HO)

(/usr/local/texlive/2018/texmf-dist/tex/generic/oberdiek/etexcmds.sty
Package: etexcmds 2016/05/16 v1.6 Avoid name clashes with e-TeX commands (HO)

(/usr/local/texlive/2018/texmf-dist/tex/generic/oberdiek/ifluatex.sty
Package: ifluatex 2016/05/16 v1.4 Provides the ifluatex switch (HO)
Package ifluatex Info: LuaTeX not detected.
)
Package etexcmds Info: Could not find \expanded.
(etexcmds)             That can mean that you are not using pdfTeX 1.50 or
(etexcmds)             that some package has redefined \expanded.
(etexcmds)             In the latter case, load this package earlier.
)))
(/usr/local/texlive/2018/texmf-dist/tex/generic/oberdiek/pdftexcmds.sty
Package: pdftexcmds 2018/01/30 v0.27 Utility functions of pdfTeX for LuaTeX (HO
)

(/usr/local/texlive/2018/texmf-dist/tex/generic/oberdiek/ifpdf.sty
Package: ifpdf 2017/03/15 v3.2 Provides the ifpdf switch
)
Package pdftexcmds Info: LuaTeX not detected.
Package pdftexcmds Info: \pdf@primitive is available.
Package pdftexcmds Info: \pdf@ifprimitive is available.
Package pdftexcmds Info: \pdfdraftmode found.
)
Package epstopdf-base Info: Redefining graphics rule for `.eps' on input line 4
38.
Package grfext Info: Graphics extension search list:
(grfext)             [.pdf,.png,.jpg,.mps,.jpeg,.jbig2,.jb2,.PDF,.PNG,.JPG,.JPE
G,.JBIG2,.JB2,.eps]
(grfext)             \AppendGraphicsExtensions on input line 456.

(/usr/local/texlive/2018/texmf-dist/tex/latex/latexconfig/epstopdf-sys.cfg
File: epstopdf-sys.cfg 2010/07/13 v1.3 Configuration of (r)epstopdf for TeX Liv
e
)))
(/usr/local/texlive/2018/texmf-dist/tex/latex/soul/soul.sty
Package: soul 2003/11/17 v2.4 letterspacing/underlining (mf)
\SOUL@word=\toks27
\SOUL@lasttoken=\toks28
\SOUL@cmds=\toks29
\SOUL@buffer=\toks30
\SOUL@token=\toks31
\SOUL@spaceskip=\skip72
\SOUL@ttwidth=\dimen196
\SOUL@uldp=\dimen197
\SOUL@ulht=\dimen198
)
(/usr/local/texlive/2018/texmf-dist/tex/latex/url/url.sty
\Urlmuskip=\muskip17
Package: url 2013/09/16  ver 3.4  Verb mode for urls, etc.
)
(/usr/local/texlive/2018/texmf-dist/tex/latex/tablefootnote/tablefootnote.sty
Package: tablefootnote 2014/01/26 v1.1c Table foot notes (HMM)

(/usr/local/texlive/2018/texmf-dist/tex/latex/oberdiek/letltxmacro.sty
Package: letltxmacro 2016/05/16 v1.5 Let assignment for LaTeX macros (HO)
)
(/usr/local/texlive/2018/texmf-dist/tex/latex/xifthen/xifthen.sty
Package: xifthen 2015/11/05 v1.4.0 Extended ifthen features

(/usr/local/texlive/2018/texmf-dist/tex/latex/ifmtarg/ifmtarg.sty
Package: ifmtarg 2009/09/02 v1.2a check for an empty argument
))
(/usr/local/texlive/2018/texmf-dist/tex/latex/etoolbox/etoolbox.sty
Package: etoolbox 2018/02/11 v2.5e e-TeX tools for LaTeX (JAW)
\etb@tempcnta=\count295
))
(/usr/local/texlive/2018/texmf-dist/tex/latex/algorithm2e/algorithm2e.sty
Package: algorithm2e 2017/07/18 v5.2 algorithms environments
\c@AlgoLine=\count296
\algocf@hangindent=\skip73

(/usr/local/texlive/2018/texmf-dist/tex/latex/relsize/relsize.sty
Package: relsize 2013/03/29 ver 4.1
)
\skiptotal=\skip74
\skiplinenumber=\skip75
\skiprule=\skip76
\skiphlne=\skip77
\skiptext=\skip78
\skiplength=\skip79
\algomargin=\skip80
\skipalgocfslide=\skip81
\algowidth=\dimen199
\inoutsize=\dimen256
\inoutindent=\dimen257
\interspacetitleruled=\dimen258
\interspacealgoruled=\dimen259
\interspacetitleboxruled=\dimen260
\algocf@ruledwidth=\skip82
\algocf@inoutbox=\box58
\algocf@inputbox=\box59
\AlCapSkip=\skip83
\AlCapHSkip=\skip84
\algoskipindent=\skip85
\algocf@nlbox=\box60
\algocf@hangingbox=\box61
\algocf@untilbox=\box62
\algocf@skipuntil=\skip86
\algocf@capbox=\box63
\algocf@lcaptionbox=\skip87
\algoheightruledefault=\skip88
\algoheightrule=\skip89
\algotitleheightruledefault=\skip90
\algotitleheightrule=\skip91
\c@algocfline=\count297
\c@algocfproc=\count298
\c@algocf=\count299
\algocf@algoframe=\box64
\algocf@algobox=\box65
)
(/usr/local/texlive/2018/texmf-dist/tex/latex/booktabs/booktabs.sty
Package: booktabs 2016/04/27 v1.618033 publication quality tables
\heavyrulewidth=\dimen261
\lightrulewidth=\dimen262
\cmidrulewidth=\dimen263
\belowrulesep=\dimen264
\belowbottomsep=\dimen265
\aboverulesep=\dimen266
\abovetopsep=\dimen267
\cmidrulesep=\dimen268
\cmidrulekern=\dimen269
\defaultaddspace=\dimen270
\@cmidla=\count300
\@cmidlb=\count301
\@aboverulesep=\dimen271
\@belowrulesep=\dimen272
\@thisruleclass=\count302
\@lastruleclass=\count303
\@thisrulewidth=\dimen273
)
(/usr/local/texlive/2018/texmf-dist/tex/latex/hyperref/hyperref.sty
Package: hyperref 2018/02/06 v6.86b Hypertext links for LaTeX

(/usr/local/texlive/2018/texmf-dist/tex/generic/oberdiek/hobsub-hyperref.sty
Package: hobsub-hyperref 2016/05/16 v1.14 Bundle oberdiek, subset hyperref (HO)


(/usr/local/texlive/2018/texmf-dist/tex/generic/oberdiek/hobsub-generic.sty
Package: hobsub-generic 2016/05/16 v1.14 Bundle oberdiek, subset generic (HO)
Package: hobsub 2016/05/16 v1.14 Construct package bundles (HO)
Package hobsub Info: Skipping package `infwarerr' (already loaded).
Package hobsub Info: Skipping package `ltxcmds' (already loaded).
Package hobsub Info: Skipping package `ifluatex' (already loaded).
Package: ifvtex 2016/05/16 v1.6 Detect VTeX and its facilities (HO)
Package ifvtex Info: VTeX not detected.
Package: intcalc 2016/05/16 v1.2 Expandable calculations with integers (HO)
Package hobsub Info: Skipping package `ifpdf' (already loaded).
Package hobsub Info: Skipping package `etexcmds' (already loaded).
Package hobsub Info: Skipping package `kvsetkeys' (already loaded).
Package hobsub Info: Skipping package `kvdefinekeys' (already loaded).
Package hobsub Info: Skipping package `pdftexcmds' (already loaded).
Package: pdfescape 2016/05/16 v1.14 Implements pdfTeX's escape features (HO)
Package: bigintcalc 2016/05/16 v1.4 Expandable calculations on big integers (HO
)
Package: bitset 2016/05/16 v1.2 Handle bit-vector datatype (HO)
Package: uniquecounter 2016/05/16 v1.3 Provide unlimited unique counter (HO)
)
Package hobsub Info: Skipping package `hobsub' (already loaded).
Package hobsub Info: Skipping package `letltxmacro' (already loaded).
Package: hopatch 2016/05/16 v1.3 Wrapper for package hooks (HO)
Package: xcolor-patch 2016/05/16 xcolor patch
Package: atveryend 2016/05/16 v1.9 Hooks at the very end of document (HO)
Package: atbegshi 2016/06/09 v1.18 At begin shipout hook (HO)
Package: refcount 2016/05/16 v3.5 Data extraction from label references (HO)
Package: hycolor 2016/05/16 v1.8 Color options for hyperref/bookmark (HO)
)
(/usr/local/texlive/2018/texmf-dist/tex/generic/ifxetex/ifxetex.sty
Package: ifxetex 2010/09/12 v0.6 Provides ifxetex conditional
)
(/usr/local/texlive/2018/texmf-dist/tex/latex/oberdiek/auxhook.sty
Package: auxhook 2016/05/16 v1.4 Hooks for auxiliary files (HO)
)
\@linkdim=\dimen274
\Hy@linkcounter=\count304
\Hy@pagecounter=\count305

(/usr/local/texlive/2018/texmf-dist/tex/latex/hyperref/pd1enc.def
File: pd1enc.def 2018/02/06 v6.86b Hyperref: PDFDocEncoding definition (HO)
Now handling font encoding PD1 ...
... no UTF-8 mapping file for font encoding PD1
)
\Hy@SavedSpaceFactor=\count306

(/usr/local/texlive/2018/texmf-dist/tex/latex/latexconfig/hyperref.cfg
File: hyperref.cfg 2002/06/06 v1.2 hyperref configuration of TeXLive
)
Package hyperref Info: Hyper figures OFF on input line 4509.
Package hyperref Info: Link nesting OFF on input line 4514.
Package hyperref Info: Hyper index ON on input line 4517.
Package hyperref Info: Plain pages OFF on input line 4524.
Package hyperref Info: Backreferencing OFF on input line 4529.
Package hyperref Info: Implicit mode ON; LaTeX internals redefined.
Package hyperref Info: Bookmarks ON on input line 4762.
\c@Hy@tempcnt=\count307
LaTeX Info: Redefining \url on input line 5115.
\XeTeXLinkMargin=\dimen275
\Fld@menulength=\count308
\Field@Width=\dimen276
\Fld@charsize=\dimen277
Package hyperref Info: Hyper figures OFF on input line 6369.
Package hyperref Info: Link nesting OFF on input line 6374.
Package hyperref Info: Hyper index ON on input line 6377.
Package hyperref Info: backreferencing OFF on input line 6384.
Package hyperref Info: Link coloring OFF on input line 6389.
Package hyperref Info: Link coloring with OCG OFF on input line 6394.
Package hyperref Info: PDF/A mode OFF on input line 6399.
LaTeX Info: Redefining \ref on input line 6439.
LaTeX Info: Redefining \pageref on input line 6443.
\Hy@abspage=\count309
\c@Item=\count310
\c@Hfootnote=\count311
)
Package hyperref Info: Driver (autodetected): hpdftex.

(/usr/local/texlive/2018/texmf-dist/tex/latex/hyperref/hpdftex.def
File: hpdftex.def 2018/02/06 v6.86b Hyperref driver for pdfTeX
\Fld@listcount=\count312
\c@bookmark@seq@number=\count313

(/usr/local/texlive/2018/texmf-dist/tex/latex/oberdiek/rerunfilecheck.sty
Package: rerunfilecheck 2016/05/16 v1.8 Rerun checks for auxiliary files (HO)
Package uniquecounter Info: New unique counter `rerunfilecheck' on input line 2
82.
)
\Hy@SectionHShift=\skip92
)
(/usr/local/texlive/2018/texmf-dist/tex/generic/ulem/ulem.sty
\UL@box=\box66
\UL@hyphenbox=\box67
\UL@skip=\skip93
\UL@hook=\toks32
\UL@height=\dimen278
\UL@pe=\count314
\UL@pixel=\dimen279
\ULC@box=\box68
Package: ulem 2012/05/18
\ULdepth=\dimen280
)
(/usr/local/texlive/2018/texmf-dist/tex/latex/mdwtools/footnote.sty
Package: footnote 1997/01/28 1.13 Save footnotes around boxes
\fn@notes=\box69
\fn@width=\dimen281
)
(/usr/local/texlive/2018/texmf-dist/tex/latex/ifsym/ifsym.sty
Package: ifsym 2000/04/18 I.Kloeckl
\c@ifsymcnt=\count315
)
(/usr/local/texlive/2018/texmf-dist/tex/latex/appendix/appendix.sty
Package: appendix 2009/09/02 v1.2b extra appendix facilities
\c@@pps=\count316
\c@@ppsavesec=\count317
\c@@ppsaveapp=\count318
)
(./potential_pitfalls_mabs_spatial_reuse.aux)
\openout1 = `potential_pitfalls_mabs_spatial_reuse.aux'.

LaTeX Font Info:    Checking defaults for OML/cmm/m/it on input line 112.
LaTeX Font Info:    ... okay on input line 112.
LaTeX Font Info:    Checking defaults for T1/cmr/m/n on input line 112.
LaTeX Font Info:    ... okay on input line 112.
LaTeX Font Info:    Checking defaults for OT1/cmr/m/n on input line 112.
LaTeX Font Info:    ... okay on input line 112.
LaTeX Font Info:    Checking defaults for OMS/cmsy/m/n on input line 112.
LaTeX Font Info:    ... okay on input line 112.
LaTeX Font Info:    Checking defaults for OMX/cmex/m/n on input line 112.
LaTeX Font Info:    ... okay on input line 112.
LaTeX Font Info:    Checking defaults for U/cmr/m/n on input line 112.
LaTeX Font Info:    ... okay on input line 112.
LaTeX Font Info:    Checking defaults for TS1/cmr/m/n on input line 112.
LaTeX Font Info:    Try loading font information for TS1+cmr on input line 112.


(/usr/local/texlive/2018/texmf-dist/tex/latex/base/ts1cmr.fd
File: ts1cmr.fd 2014/09/29 v2.5h Standard LaTeX font definitions
)
LaTeX Font Info:    ... okay on input line 112.
LaTeX Font Info:    Checking defaults for PD1/pdf/m/n on input line 112.
LaTeX Font Info:    ... okay on input line 112.

(/usr/local/texlive/2018/texmf-dist/tex/context/base/mkii/supp-pdf.mkii
[Loading MPS to PDF converter (version 2006.09.02).]
\scratchcounter=\count319
\scratchdimen=\dimen282
\scratchbox=\box70
\nofMPsegments=\count320
\nofMParguments=\count321
\everyMPshowfont=\toks33
\MPscratchCnt=\count322
\MPscratchDim=\dimen283
\MPnumerator=\count323
\makeMPintoPDFobject=\count324
\everyMPtoPDFconversion=\toks34
)
Package caption Info: Begin \AtBeginDocument code.
Package caption Info: hyperref package is loaded.
Package caption Info: End \AtBeginDocument code.

(/usr/local/texlive/2018/texmf-dist/tex/latex/translator/translator-basic-dicti
onary-English.dict
Dictionary: translator-basic-dictionary, Language: English 
)
(/usr/local/texlive/2018/texmf-dist/tex/latex/siunitx/siunitx-abbreviations.cfg
File: siunitx-abbreviations.cfg 2017/11/26 v2.7k siunitx: Abbreviated units
)
\AtBeginShipoutBox=\box71
Package hyperref Info: Link coloring OFF on input line 112.
 (/usr/local/texlive/2018/texmf-dist/tex/latex/hyperref/nameref.sty
Package: nameref 2016/05/21 v2.44 Cross-referencing by name of section

(/usr/local/texlive/2018/texmf-dist/tex/generic/oberdiek/gettitlestring.sty
Package: gettitlestring 2016/05/16 v1.5 Cleanup title references (HO)
)
\c@section@level=\count325
)
LaTeX Info: Redefining \ref on input line 112.
LaTeX Info: Redefining \pageref on input line 112.
LaTeX Info: Redefining \nameref on input line 112.

(./potential_pitfalls_mabs_spatial_reuse.out)
(./potential_pitfalls_mabs_spatial_reuse.out)
\@outlinefile=\write5
\openout5 = `potential_pitfalls_mabs_spatial_reuse.out'.

LaTeX Font Info:    Try loading font information for U+msa on input line 112.

(/usr/local/texlive/2018/texmf-dist/tex/latex/amsfonts/umsa.fd
File: umsa.fd 2013/01/14 v3.01 AMS symbols A
)
LaTeX Font Info:    Try loading font information for U+msb on input line 112.

(/usr/local/texlive/2018/texmf-dist/tex/latex/amsfonts/umsb.fd
File: umsb.fd 2013/01/14 v3.01 AMS symbols B
) [1


{/usr/local/texlive/2018/texmf-var/fonts/map/pdftex/updmap/pdftex.map}] [2] [3]
 [4] [5]
[6]
<csma_a.png, id=223, 298.2342pt x 275.1078pt>
File: csma_a.png Graphic file (type png)
<use csma_a.png>
Package pdftex.def Info: csma_a.png  used on input line 235.
(pdftex.def)             Requested size: 117.43875pt x 108.33266pt.
<csma_b.png, id=225, 644.6484pt x 325.215pt>
File: csma_b.png Graphic file (type png)
<use csma_b.png>
Package pdftex.def Info: csma_b.png  used on input line 240.
(pdftex.def)             Requested size: 258.36668pt x 130.34174pt.


LaTeX Warning: `!h' float specifier changed to `!ht'.

[7]
<three_wlans_ctmn_a.png, id=240, 423.984pt x 317.5062pt>
File: three_wlans_ctmn_a.png Graphic file (type png)
<use three_wlans_ctmn_a.png>
Package pdftex.def Info: three_wlans_ctmn_a.png  used on input line 294.
(pdftex.def)             Requested size: 164.41711pt x 123.12926pt.

Underfull \hbox (badness 7326) in paragraph at lines 295--295
[]\OT1/cmr/m/n/10.95 (a) |Sce-nario with over-lap-ping
 []

<three_wlans_ctmn_b.png, id=241, 887.4756pt x 448.074pt>
File: three_wlans_ctmn_b.png Graphic file (type png)
<use three_wlans_ctmn_b.png>
Package pdftex.def Info: three_wlans_ctmn_b.png  used on input line 299.
(pdftex.def)             Requested size: 234.8775pt x 118.58179pt.

LaTeX Warning: `!h' float specifier changed to `!ht'.

[8 <./csma_a.png> <./csma_b.png>] [9 <./three_wlans_ctmn_a.png> <./three_wlans_
ctmn_b.png>]
<s1_interactions.png, id=274, 342.078pt x 249.0906pt>
File: s1_interactions.png Graphic file (type png)
<use s1_interactions.png>
Package pdftex.def Info: s1_interactions.png  used on input line 337.
(pdftex.def)             Requested size: 131.53418pt x 95.78044pt.
<s2_interactions.png, id=275, 430.7292pt x 246.1998pt>
File: s2_interactions.png Graphic file (type png)
<use s2_interactions.png>
Package pdftex.def Info: s2_interactions.png  used on input line 342.
(pdftex.def)             Requested size: 164.41711pt x 93.97763pt.
<s3_interactions.png, id=276, 361.35pt x 389.7762pt>
File: s3_interactions.png Graphic file (type png)
<use s3_interactions.png>
Package pdftex.def Info: s3_interactions.png  used on input line 349.
(pdftex.def)             Requested size: 140.92793pt x 152.0121pt.

Underfull \hbox (badness 10000) in paragraph at lines 347--352

 []

<table_confs.pdf, id=277, 963.6pt x 273.02pt>
File: table_confs.pdf Graphic file (type pdf)
<use table_confs.pdf>
Package pdftex.def Info: table_confs.pdf  used on input line 355.
(pdftex.def)             Requested size: 281.85587pt x 79.85698pt.
LaTeX Font Info:    Font shape `OT1/cmtt/bx/n' in size <12> not available
(Font)              Font shape `OT1/cmtt/m/n' tried instead on input line 367.
[10 <./s1_interactions.png> <./s2_interactions.png> <./s3_interactions.png> <./
table_confs.pdf>] [11]

LaTeX Warning: `!h' float specifier changed to `!ht'.

[12] [13]
Overfull \hbox (9.93724pt too wide) in paragraph at lines 418--419
[]\OT1/cmr/m/n/12 Figure []4[] il-lus-trates the in-clu-sion of agents into WLA
Ns, which op-er-ate on top of CSMA/CA,
 []

<agents_a.png, id=357, 327.624pt x 276.0714pt>
File: agents_a.png Graphic file (type png)
<use agents_a.png>
Package pdftex.def Info: agents_a.png  used on input line 424.
(pdftex.def)             Requested size: 164.41711pt x 138.54927pt.
<agents_b.png, id=358, 661.5114pt x 301.125pt>
File: agents_b.png Graphic file (type png)
<use agents_b.png>
Package pdftex.def Info: agents_b.png  used on input line 429.
(pdftex.def)             Requested size: 281.85587pt x 128.30035pt.
[14 <./agents_a.png> <./agents_b.png>]
LaTeX Font Info:    Try loading font information for OMS+cmr on input line 467.


(/usr/local/texlive/2018/texmf-dist/tex/latex/base/omscmr.fd
File: omscmr.fd 2014/09/29 v2.5h Standard LaTeX font definitions
)
LaTeX Font Info:    Font shape `OMS/cmr/m/n' in size <12> not available
(Font)              Font shape `OMS/cmsy/m/n' tried instead on input line 467.
 [15]pdfTeX warning (ext4): destination with the same identifier (name{equation
.4.1}) has been already used, duplicate ignored
<to be read again> 
                   \relax 
l.491 \begin{equation}
                      pdfTeX warning (ext4): destination with the same identifi
er (name{equation.4.1}) has been already used, duplicate ignored
<to be read again> 
                   \relax 
l.491 \begin{equation}
                      pdfTeX warning (ext4): destination with the same identifi
er (name{equation.4.1}) has been already used, duplicate ignored
<to be read again> 
                   \relax 
l.491 \begin{equation}
                      pdfTeX warning (ext4): destination with the same identifi
er (name{equation.4.1}) has been already used, duplicate ignored
<to be read again> 
                   \relax 
l.491 \begin{equation}
                       [16]pdfTeX warning (ext4): destination with the same ide
ntifier (name{equation.4.1}) has been already used, duplicate ignored
<to be read again> 
                   \relax 
l.507 \begin{equation}
                      pdfTeX warning (ext4): destination with the same identifi
er (name{equation.4.1}) has been already used, duplicate ignored
<to be read again> 
                   \relax 
l.507 \begin{equation}
                      pdfTeX warning (ext4): destination with the same identifi
er (name{equation.4.1}) has been already used, duplicate ignored
<to be read again> 
                   \relax 
l.507 \begin{equation}
                      pdfTeX warning (ext4): destination with the same identifi
er (name{equation.4.1}) has been already used, duplicate ignored
<to be read again> 
                   \relax 
l.507 \begin{equation}
                       [17] [18] [19]
<s1_new.png, id=439, 318.4698pt x 320.8788pt>
File: s1_new.png Graphic file (type png)
<use s1_new.png>
Package pdftex.def Info: s1_new.png  used on input line 544.
(pdftex.def)             Requested size: 117.43875pt x 118.32669pt.
<approx_vs_actual_regret.pdf, id=440, 501.875pt x 351.3125pt>
File: approx_vs_actual_regret.pdf Graphic file (type pdf)
<use approx_vs_actual_regret.pdf>
Package pdftex.def Info: approx_vs_actual_regret.pdf  used on input line 549.
(pdftex.def)             Requested size: 140.92793pt x 98.65092pt.
<approx_vs_actual_tpt.pdf, id=441, 501.875pt x 351.3125pt>
File: approx_vs_actual_tpt.pdf Graphic file (type pdf)
<use approx_vs_actual_tpt.pdf>
Package pdftex.def Info: approx_vs_actual_tpt.pdf  used on input line 554.
(pdftex.def)             Requested size: 140.92793pt x 98.65092pt.
 [20 <./s1_new.png> <./approx_vs_actual_regret.pdf> <./approx_vs_actual_tpt.pdf
>]
<s2_new.png, id=461, 403.7484pt x 320.397pt>
File: s2_new.png Graphic file (type png)
<use s2_new.png>
Package pdftex.def Info: s2_new.png  used on input line 576.
(pdftex.def)             Requested size: 164.41711pt x 130.47385pt.
<clustering_benefits.pdf, id=462, 501.875pt x 351.3125pt>
File: clustering_benefits.pdf Graphic file (type pdf)
<use clustering_benefits.pdf>
Package pdftex.def Info: clustering_benefits.pdf  used on input line 581.
(pdftex.def)             Requested size: 187.89914pt x 131.53279pt.
 [21 <./s2_new.png> <./clustering_benefits.pdf>]
<s3_new.png, id=478, 423.0204pt x 324.2514pt>
File: s3_new.png Graphic file (type png)
<use s3_new.png>
Package pdftex.def Info: s3_new.png  used on input line 596.
(pdftex.def)             Requested size: 164.41711pt x 126.02708pt.
<clustering_additive_interference.pdf, id=479, 501.875pt x 351.3125pt>
File: clustering_additive_interference.pdf Graphic file (type pdf)
<use clustering_additive_interference.pdf>
Package pdftex.def Info: clustering_additive_interference.pdf  used on input li
ne 601.
(pdftex.def)             Requested size: 187.89914pt x 131.53279pt.
 [22 <./s3_new.png> <./clustering_additive_interference.pdf>]
<max_min_tpt_1_4.png, id=494, 501.875pt x 351.3125pt>
File: max_min_tpt_1_4.png Graphic file (type png)
<use max_min_tpt_1_4.png>
Package pdftex.def Info: max_min_tpt_1_4.png  used on input line 623.
(pdftex.def)             Requested size: 187.89914pt x 131.53279pt.
 [23 <./max_min_tpt_1_4.png (PNG copy)>]
File: s1_new.png Graphic file (type png)
<use s1_new.png>
Package pdftex.def Info: s1_new.png  used on input line 663.
(pdftex.def)             Requested size: 122.13371pt x 123.05643pt.
<fig_2_1_fairness.png, id=513, 496.85625pt x 395.43735pt>
File: fig_2_1_fairness.png Graphic file (type png)
<use fig_2_1_fairness.png>
Package pdftex.def Info: fig_2_1_fairness.png  used on input line 669.
(pdftex.def)             Requested size: 169.11209pt x 134.59172pt.
<experiment_2_1_variability.png, id=514, 501.91515pt x 351.35265pt>
File: experiment_2_1_variability.png Graphic file (type png)
<use experiment_2_1_variability.png>
Package pdftex.def Info: experiment_2_1_variability.png  used on input line 673
.
(pdftex.def)             Requested size: 169.11209pt x 118.3807pt.


LaTeX Warning: `!h' float specifier changed to `!ht'.

[24]
<s5_new.png, id=526, 361.35pt x 389.7762pt>
File: s5_new.png Graphic file (type png)
<use s5_new.png>
Package pdftex.def Info: s5_new.png  used on input line 696.
(pdftex.def)             Requested size: 122.13371pt x 131.74303pt.
<fig_2_2_potential.png, id=527, 501.91515pt x 351.35265pt>
File: fig_2_2_potential.png Graphic file (type png)
<use fig_2_2_potential.png>
Package pdftex.def Info: fig_2_2_potential.png  used on input line 701.
(pdftex.def)             Requested size: 169.11209pt x 118.3807pt.
<experiment_2_2_variability.png, id=528, 501.91515pt x 351.35265pt>
File: experiment_2_2_variability.png Graphic file (type png)
<use experiment_2_2_variability.png>
Package pdftex.def Info: experiment_2_2_variability.png  used on input line 706
.
(pdftex.def)             Requested size: 169.11209pt x 118.3807pt.


LaTeX Warning: `!h' float specifier changed to `!ht'.

[25 <./fig_2_1_fairness.png (PNG copy)> <./experiment_2_1_variability.png (PNG 
copy)>]
<s6_new.png, id=540, 421.0932pt x 490.9542pt>
File: s6_new.png Graphic file (type png)
<use s6_new.png>
Package pdftex.def Info: s6_new.png  used on input line 727.
(pdftex.def)             Requested size: 140.92793pt x 164.30772pt.
<fig_2_3_adversarial.png, id=541, 664.52264pt x 351.35265pt>
File: fig_2_3_adversarial.png Graphic file (type png)
<use fig_2_3_adversarial.png>
Package pdftex.def Info: fig_2_3_adversarial.png  used on input line 732.
(pdftex.def)             Requested size: 225.4804pt x 119.21706pt.
<experiment_2_3_variability.png, id=542, 501.91515pt x 351.35265pt>
File: experiment_2_3_variability.png Graphic file (type png)
<use experiment_2_3_variability.png>
Package pdftex.def Info: experiment_2_3_variability.png  used on input line 737
.
(pdftex.def)             Requested size: 169.11209pt x 118.3807pt.


LaTeX Warning: `!h' float specifier changed to `!ht'.

[26 <./s5_new.png> <./fig_2_2_potential.png (PNG copy)> <./experiment_2_2_varia
bility.png (PNG copy)>] [27 <./s6_new.png> <./fig_2_3_adversarial.png (PNG copy
)> <./experiment_2_3_variability.png (PNG copy)>]
<scalability_mean_tpt.pdf, id=560, 501.875pt x 351.3125pt>
File: scalability_mean_tpt.pdf Graphic file (type pdf)
<use scalability_mean_tpt.pdf>
Package pdftex.def Info: scalability_mean_tpt.pdf  used on input line 766.
(pdftex.def)             Requested size: 140.92793pt x 98.65092pt.
<scalability_mean_maxmin.pdf, id=561, 501.875pt x 351.3125pt>
File: scalability_mean_maxmin.pdf Graphic file (type pdf)
<use scalability_mean_maxmin.pdf>
Package pdftex.def Info: scalability_mean_maxmin.pdf  used on input line 771.
(pdftex.def)             Requested size: 140.92793pt x 98.65092pt.
<scalability_mean_jfi.pdf, id=562, 501.875pt x 351.3125pt>
File: scalability_mean_jfi.pdf Graphic file (type pdf)
<use scalability_mean_jfi.pdf>
Package pdftex.def Info: scalability_mean_jfi.pdf  used on input line 776.
(pdftex.def)             Requested size: 140.92793pt x 98.65092pt.
LaTeX Font Info:    Font shape `OMS/cmr/m/n' in size <10> not available
(Font)              Font shape `OMS/cmsy/m/n' tried instead on input line 780.


LaTeX Warning: `!h' float specifier changed to `!ht'.

[28]
<scalability_selfish_learning_iterations.pdf, id=573, 625.33624pt x 351.3125pt>

File: scalability_selfish_learning_iterations.pdf Graphic file (type pdf)
<use scalability_selfish_learning_iterations.pdf>
Package pdftex.def Info: scalability_selfish_learning_iterations.pdf  used on i
nput line 792.
(pdftex.def)             Requested size: 187.89914pt x 105.56073pt.
<scalability_informed_learning_iterations.pdf, id=574, 626.34pt x 351.3125pt>
File: scalability_informed_learning_iterations.pdf Graphic file (type pdf)
<use scalability_informed_learning_iterations.pdf>
Package pdftex.def Info: scalability_informed_learning_iterations.pdf  used on 
input line 797.
(pdftex.def)             Requested size: 187.89914pt x 105.38919pt.

Overfull \hbox (2.21648pt too wide) in paragraph at lines 805--806
\OT1/cmr/m/n/12 aware learn-ing, a greater en-hance-ment is pro-vided when den-
sity is low (two and four WLANs).
 []

[29 <./scalability_mean_tpt.pdf> <./scalability_mean_maxmin.pdf> <./scalability
_mean_jfi.pdf> <./scalability_selfish_learning_iterations.pdf> <./scalability_i
nformed_learning_iterations.pdf>] [30]
Overfull \hbox (10.68814pt too wide) detected at line 839
[]
 []


LaTeX Warning: `!h' float specifier changed to `!ht'.

[31] (./potential_pitfalls_mabs_spatial_reuse.bbl [32] [33])
Package atveryend Info: Empty hook `BeforeClearDocument' on input line 918.
 [34]
Package atveryend Info: Empty hook `AfterLastShipout' on input line 918.

(./potential_pitfalls_mabs_spatial_reuse.aux)
Package atveryend Info: Executing hook `AtVeryEndDocument' on input line 918.
Package atveryend Info: Executing hook `AtEndAfterFileList' on input line 918.
Package rerunfilecheck Info: File `potential_pitfalls_mabs_spatial_reuse.out' h
as not changed.
(rerunfilecheck)             Checksum: 9CB734078AC80D6DB7A3DBE3678E9E2D;1690.
 ) 
Here is how much of TeX's memory you used:
 23445 strings out of 492649
 434877 string characters out of 6129622
 518061 words of memory out of 5000000
 26848 multiletter control sequences out of 15000+600000
 545467 words of font info for 81 fonts, out of 8000000 for 9000
 1141 hyphenation exceptions out of 8191
 53i,19n,92p,10407b,858s stack positions out of 5000i,500n,10000p,200000b,80000s
{/usr/local/texlive/2018/texmf-dist/fonts/enc/dvips/cm-super/cm-super-ts1.enc
}</usr/local/texlive/2018/texmf-dist/fonts/type1/public/amsfonts/cm/cmbx10.pfb>
</usr/local/texlive/2018/texmf-dist/fonts/type1/public/amsfonts/cm/cmbx12.pfb><
/usr/local/texlive/2018/texmf-dist/fonts/type1/public/amsfonts/cm/cmbx8.pfb></u
sr/local/texlive/2018/texmf-dist/fonts/type1/public/amsfonts/cm/cmex10.pfb></us
r/local/texlive/2018/texmf-dist/fonts/type1/public/amsfonts/cmextra/cmex8.pfb><
/usr/local/texlive/2018/texmf-dist/fonts/type1/public/amsfonts/cm/cmmi10.pfb></
usr/local/texlive/2018/texmf-dist/fonts/type1/public/amsfonts/cm/cmmi12.pfb></u
sr/local/texlive/2018/texmf-dist/fonts/type1/public/amsfonts/cm/cmmi6.pfb></usr
/local/texlive/2018/texmf-dist/fonts/type1/public/amsfonts/cm/cmmi8.pfb></usr/l
ocal/texlive/2018/texmf-dist/fonts/type1/public/amsfonts/cm/cmr10.pfb></usr/loc
al/texlive/2018/texmf-dist/fonts/type1/public/amsfonts/cm/cmr12.pfb></usr/local
/texlive/2018/texmf-dist/fonts/type1/public/amsfonts/cm/cmr17.pfb></usr/local/t
exlive/2018/texmf-dist/fonts/type1/public/amsfonts/cm/cmr6.pfb></usr/local/texl
ive/2018/texmf-dist/fonts/type1/public/amsfonts/cm/cmr7.pfb></usr/local/texlive
/2018/texmf-dist/fonts/type1/public/amsfonts/cm/cmr8.pfb></usr/local/texlive/20
18/texmf-dist/fonts/type1/public/amsfonts/cm/cmsy10.pfb></usr/local/texlive/201
8/texmf-dist/fonts/type1/public/amsfonts/cm/cmsy6.pfb></usr/local/texlive/2018/
texmf-dist/fonts/type1/public/amsfonts/cm/cmsy7.pfb></usr/local/texlive/2018/te
xmf-dist/fonts/type1/public/amsfonts/cm/cmsy8.pfb></usr/local/texlive/2018/texm
f-dist/fonts/type1/public/amsfonts/cm/cmti10.pfb></usr/local/texlive/2018/texmf
-dist/fonts/type1/public/amsfonts/cm/cmti12.pfb></usr/local/texlive/2018/texmf-
dist/fonts/type1/public/amsfonts/cm/cmti7.pfb></usr/local/texlive/2018/texmf-di
st/fonts/type1/public/amsfonts/cm/cmtt10.pfb></usr/local/texlive/2018/texmf-dis
t/fonts/type1/public/amsfonts/cm/cmtt12.pfb></usr/local/texlive/2018/texmf-dist
/fonts/type1/public/cm-super/sfrm1200.pfb>
Output written on potential_pitfalls_mabs_spatial_reuse.pdf (34 pages, 3147326 
bytes).
PDF statistics:
 743 PDF objects out of 1000 (max. 8388607)
 629 compressed objects within 7 object streams
 137 named destinations out of 1000 (max. 500000)
 340 words of extra memory for PDF output out of 10000 (max. 10000000)

